<?xml version="1.0" encoding="UTF-8"?>
<!-- Generated by org.testng.reporters.JUnitReportReporter -->
<testsuite hostname="INHNJLPT-978508" failures="0" tests="1" name="test.DriverSetup" time="44.268" errors="0" timestamp="2023-06-02T00:05:02 IST" skipped="0">
  <testcase classname="test.DriverSetup" name="test" time="44.268"/>
  <system-out/>
</testsuite> <!-- test.DriverSetup -->
