<?xml version="1.0" encoding="UTF-8"?>
<!-- Generated by org.testng.reporters.JUnitReportReporter -->
<testsuite hostname="INHNJLPT-978508" failures="0" tests="1" name="test.com.fod.PackagesTest" time="10.447" errors="0" timestamp="2023-07-12T13:07:48 IST" skipped="0">
  <testcase classname="test.com.fod.PackagesTest" name="packageCreationWithMandtoryField" time="10.447"/>
  <system-out/>
</testsuite> <!-- test.com.fod.PackagesTest -->
