<?xml version="1.0" encoding="UTF-8"?>
<!-- Generated by org.testng.reporters.JUnitReportReporter -->
<testsuite hostname="INHNJLPT-978508" failures="0" tests="1" name="PM_Sample.PM_Sample.DriverSetup" time="28.940" errors="0" timestamp="2023-06-01T14:15:31 IST" skipped="0">
  <testcase classname="PM_Sample.PM_Sample.DriverSetup" name="test" time="28.940"/>
  <system-out/>
</testsuite> <!-- PM_Sample.PM_Sample.DriverSetup -->
