<?xml version="1.0" encoding="UTF-8"?>
<!-- Generated by org.testng.reporters.JUnitReportReporter -->
<testsuite hostname="INHNJLPT-978508" failures="0" tests="1" name="test.com.apollo.LoginTest" time="2.789" errors="0" timestamp="2023-08-04T13:16:19 IST" skipped="0">
  <testcase classname="test.com.apollo.LoginTest" name="loginWithValidCredentials" time="2.789"/>
</testsuite> <!-- test.com.apollo.LoginTest -->
